<?xml version="1.0" encoding="UTF-8"?>
<coverage generated="1625390207188" clover="3.2.0">
  <project timestamp="1625390207188" name="All files">
    <metrics statements="47" coveredstatements="45" conditionals="14" coveredconditionals="9" methods="12" coveredmethods="12" elements="73" coveredelements="66" complexity="0" loc="47" ncloc="47" packages="2" files="2" classes="2"/>
    <package name="admin-approvePR">
      <metrics statements="3" coveredstatements="3" conditionals="0" coveredconditionals="0" methods="1" coveredmethods="1"/>
      <file name="index.js" path="C:\Users\dr072712\OneDrive - Cerner Corporation\Desktop\admin-approvePR\admin-approvePR\index.js">
        <metrics statements="3" coveredstatements="3" conditionals="0" coveredconditionals="0" methods="1" coveredmethods="1"/>
        <line num="5" count="1" type="stmt"/>
        <line num="6" count="6" type="stmt"/>
        <line num="8" count="6" type="stmt"/>
      </file>
    </package>
    <package name="admin-approvePR.lib">
      <metrics statements="44" coveredstatements="42" conditionals="14" coveredconditionals="9" methods="11" coveredmethods="11"/>
      <file name="admin-approve.js" path="C:\Users\dr072712\OneDrive - Cerner Corporation\Desktop\admin-approvePR\admin-approvePR\lib\admin-approve.js">
        <metrics statements="44" coveredstatements="42" conditionals="14" coveredconditionals="9" methods="11" coveredmethods="11"/>
        <line num="5" count="6" type="stmt"/>
        <line num="6" count="6" type="stmt"/>
        <line num="7" count="6" type="stmt"/>
        <line num="8" count="6" type="stmt"/>
        <line num="9" count="6" type="stmt"/>
        <line num="10" count="6" type="stmt"/>
        <line num="12" count="6" type="stmt"/>
        <line num="13" count="6" type="cond" truecount="1" falsecount="1"/>
        <line num="14" count="6" type="stmt"/>
        <line num="17" count="5" type="cond" truecount="1" falsecount="1"/>
        <line num="19" count="5" type="stmt"/>
        <line num="26" count="5" type="stmt"/>
        <line num="29" count="1" type="stmt"/>
        <line num="36" count="6" type="stmt"/>
        <line num="48" count="6" type="stmt"/>
        <line num="53" count="6" type="stmt"/>
        <line num="59" count="6" type="stmt"/>
        <line num="63" count="6" type="stmt"/>
        <line num="64" count="5" type="stmt"/>
        <line num="65" count="5" type="stmt"/>
        <line num="66" count="5" type="stmt"/>
        <line num="67" count="5" type="stmt"/>
        <line num="72" count="5" type="stmt"/>
        <line num="73" count="5" type="stmt"/>
        <line num="76" count="5" type="stmt"/>
        <line num="77" count="5" type="stmt"/>
        <line num="78" count="5" type="cond" truecount="3" falsecount="1"/>
        <line num="79" count="5" type="stmt"/>
        <line num="83" count="5" type="cond" truecount="1" falsecount="1"/>
        <line num="84" count="5" type="stmt"/>
        <line num="86" count="0" type="stmt"/>
        <line num="92" count="6" type="stmt"/>
        <line num="96" count="6" type="cond" truecount="2" falsecount="0"/>
        <line num="97" count="5" type="stmt"/>
        <line num="98" count="5" type="stmt"/>
        <line num="101" count="5" type="stmt"/>
        <line num="103" count="1" type="stmt"/>
        <line num="111" count="5" type="stmt"/>
        <line num="116" count="5" type="cond" truecount="1" falsecount="1"/>
        <line num="117" count="5" type="stmt"/>
        <line num="118" count="5" type="stmt"/>
        <line num="121" count="5" type="stmt"/>
        <line num="123" count="0" type="stmt"/>
        <line num="127" count="1" type="stmt"/>
      </file>
    </package>
  </project>
</coverage>
