{"C:\\Users\\dr072712\\OneDrive - Cerner Corporation\\Desktop\\admin-approvePR\\admin-approvePR\\index.js": {"path":"C:\\Users\\dr072712\\OneDrive - Cerner Corporation\\Desktop\\admin-approvePR\\admin-approvePR\\index.js","statementMap":{"0":{"start":{"line":5,"column":1},"end":{"line":13,"column":1}},"1":{"start":{"line":6,"column":28},"end":{"line":6,"column":58}},"2":{"start":{"line":8,"column":2},"end":{"line":12,"column":23}}},"fnMap":{"0":{"name":"(anonymous_0)","decl":{"start":{"line":5,"column":18},"end":{"line":5,"column":19}},"loc":{"start":{"line":5,"column":27},"end":{"line":13,"column":1}},"line":5}},"branchMap":{},"s":{"0":1,"1":6,"2":6},"f":{"0":6},"b":{},"_coverageSchema":"1a1c01bbd47fc00a2c39e90264f33305004495a9","hash":"07b9423fd696d89278d868ef877f0f412868630e"}
,"C:\\Users\\dr072712\\OneDrive - Cerner Corporation\\Desktop\\admin-approvePR\\admin-approvePR\\lib\\admin-approve.js": {"path":"C:\\Users\\dr072712\\OneDrive - Cerner Corporation\\Desktop\\admin-approvePR\\admin-approvePR\\lib\\admin-approve.js","statementMap":{"0":{"start":{"line":5,"column":2},"end":{"line":30,"column":3}},"1":{"start":{"line":6,"column":18},"end":{"line":6,"column":56}},"2":{"start":{"line":7,"column":20},"end":{"line":7,"column":54}},"3":{"start":{"line":8,"column":21},"end":{"line":8,"column":52}},"4":{"start":{"line":9,"column":21},"end":{"line":9,"column":69}},"5":{"start":{"line":10,"column":24},"end":{"line":10,"column":87}},"6":{"start":{"line":12,"column":19},"end":{"line":12,"column":24}},"7":{"start":{"line":13,"column":4},"end":{"line":15,"column":5}},"8":{"start":{"line":14,"column":6},"end":{"line":14,"column":86}},"9":{"start":{"line":17,"column":4},"end":{"line":27,"column":5}},"10":{"start":{"line":19,"column":21},"end":{"line":25,"column":7}},"11":{"start":{"line":26,"column":6},"end":{"line":26,"column":50}},"12":{"start":{"line":29,"column":4},"end":{"line":29,"column":21}},"13":{"start":{"line":36,"column":17},"end":{"line":46,"column":3}},"14":{"start":{"line":48,"column":2},"end":{"line":48,"column":46}},"15":{"start":{"line":53,"column":19},"end":{"line":57,"column":4}},"16":{"start":{"line":59,"column":2},"end":{"line":59,"column":102}},"17":{"start":{"line":59,"column":37},"end":{"line":59,"column":49}},"18":{"start":{"line":59,"column":66},"end":{"line":59,"column":94}},"19":{"start":{"line":63,"column":15},"end":{"line":63,"column":56}},"20":{"start":{"line":64,"column":16},"end":{"line":64,"column":54}},"21":{"start":{"line":65,"column":13},"end":{"line":65,"column":14}},"22":{"start":{"line":66,"column":22},"end":{"line":66,"column":34}},"23":{"start":{"line":67,"column":19},"end":{"line":71,"column":4}},"24":{"start":{"line":72,"column":2},"end":{"line":75,"column":5}},"25":{"start":{"line":73,"column":4},"end":{"line":73,"column":52}},"26":{"start":{"line":76,"column":2},"end":{"line":81,"column":3}},"27":{"start":{"line":77,"column":16},"end":{"line":77,"column":32}},"28":{"start":{"line":78,"column":4},"end":{"line":80,"column":5}},"29":{"start":{"line":79,"column":6},"end":{"line":79,"column":15}},"30":{"start":{"line":83,"column":2},"end":{"line":86,"column":16}},"31":{"start":{"line":84,"column":4},"end":{"line":84,"column":15}},"32":{"start":{"line":86,"column":4},"end":{"line":86,"column":16}},"33":{"start":{"line":92,"column":19},"end":{"line":95,"column":4}},"34":{"start":{"line":96,"column":2},"end":{"line":104,"column":3}},"35":{"start":{"line":97,"column":4},"end":{"line":99,"column":7}},"36":{"start":{"line":98,"column":6},"end":{"line":98,"column":27}},"37":{"start":{"line":101,"column":4},"end":{"line":101,"column":21}},"38":{"start":{"line":103,"column":4},"end":{"line":103,"column":26}},"39":{"start":{"line":111,"column":19},"end":{"line":115,"column":4}},"40":{"start":{"line":116,"column":2},"end":{"line":124,"column":3}},"41":{"start":{"line":117,"column":4},"end":{"line":119,"column":6}},"42":{"start":{"line":118,"column":8},"end":{"line":118,"column":27}},"43":{"start":{"line":121,"column":4},"end":{"line":121,"column":17}},"44":{"start":{"line":123,"column":4},"end":{"line":123,"column":33}},"45":{"start":{"line":127,"column":0},"end":{"line":127,"column":40}}},"fnMap":{"0":{"name":"handlePullRequestChange","decl":{"start":{"line":3,"column":15},"end":{"line":3,"column":38}},"loc":{"start":{"line":3,"column":49},"end":{"line":33,"column":1}},"line":3},"1":{"name":"createCheckRun","decl":{"start":{"line":35,"column":15},"end":{"line":35,"column":29}},"loc":{"start":{"line":35,"column":57},"end":{"line":49,"column":1}},"line":35},"2":{"name":"getReviewsWithState","decl":{"start":{"line":51,"column":15},"end":{"line":51,"column":34}},"loc":{"start":{"line":51,"column":69},"end":{"line":60,"column":1}},"line":51},"3":{"name":"(anonymous_3)","decl":{"start":{"line":59,"column":27},"end":{"line":59,"column":28}},"loc":{"start":{"line":59,"column":37},"end":{"line":59,"column":49}},"line":59},"4":{"name":"(anonymous_4)","decl":{"start":{"line":59,"column":58},"end":{"line":59,"column":59}},"loc":{"start":{"line":59,"column":66},"end":{"line":59,"column":94}},"line":59},"5":{"name":"getApprovalState","decl":{"start":{"line":61,"column":15},"end":{"line":61,"column":31}},"loc":{"start":{"line":61,"column":73},"end":{"line":87,"column":1}},"line":61},"6":{"name":"(anonymous_6)","decl":{"start":{"line":72,"column":24},"end":{"line":72,"column":25}},"loc":{"start":{"line":72,"column":35},"end":{"line":75,"column":3}},"line":72},"7":{"name":"getTeam","decl":{"start":{"line":89,"column":15},"end":{"line":89,"column":22}},"loc":{"start":{"line":89,"column":51},"end":{"line":106,"column":1}},"line":89},"8":{"name":"(anonymous_8)","decl":{"start":{"line":97,"column":26},"end":{"line":97,"column":27}},"loc":{"start":{"line":97,"column":34},"end":{"line":99,"column":5}},"line":97},"9":{"name":"getAdmin","decl":{"start":{"line":108,"column":15},"end":{"line":108,"column":23}},"loc":{"start":{"line":108,"column":47},"end":{"line":125,"column":1}},"line":108},"10":{"name":"(anonymous_10)","decl":{"start":{"line":117,"column":26},"end":{"line":117,"column":27}},"loc":{"start":{"line":117,"column":34},"end":{"line":119,"column":5}},"line":117}},"branchMap":{"0":{"loc":{"start":{"line":13,"column":4},"end":{"line":15,"column":5}},"type":"if","locations":[{"start":{"line":13,"column":4},"end":{"line":15,"column":5}},{"start":{"line":13,"column":4},"end":{"line":15,"column":5}}],"line":13},"1":{"loc":{"start":{"line":17,"column":4},"end":{"line":27,"column":5}},"type":"if","locations":[{"start":{"line":17,"column":4},"end":{"line":27,"column":5}},{"start":{"line":17,"column":4},"end":{"line":27,"column":5}}],"line":17},"2":{"loc":{"start":{"line":78,"column":4},"end":{"line":80,"column":5}},"type":"if","locations":[{"start":{"line":78,"column":4},"end":{"line":80,"column":5}},{"start":{"line":78,"column":4},"end":{"line":80,"column":5}}],"line":78},"3":{"loc":{"start":{"line":78,"column":8},"end":{"line":78,"column":54}},"type":"binary-expr","locations":[{"start":{"line":78,"column":8},"end":{"line":78,"column":21}},{"start":{"line":78,"column":25},"end":{"line":78,"column":54}}],"line":78},"4":{"loc":{"start":{"line":83,"column":2},"end":{"line":86,"column":16}},"type":"if","locations":[{"start":{"line":83,"column":2},"end":{"line":86,"column":16}},{"start":{"line":83,"column":2},"end":{"line":86,"column":16}}],"line":83},"5":{"loc":{"start":{"line":96,"column":2},"end":{"line":104,"column":3}},"type":"if","locations":[{"start":{"line":96,"column":2},"end":{"line":104,"column":3}},{"start":{"line":96,"column":2},"end":{"line":104,"column":3}}],"line":96},"6":{"loc":{"start":{"line":116,"column":2},"end":{"line":124,"column":3}},"type":"if","locations":[{"start":{"line":116,"column":2},"end":{"line":124,"column":3}},{"start":{"line":116,"column":2},"end":{"line":124,"column":3}}],"line":116}},"s":{"0":6,"1":6,"2":6,"3":6,"4":6,"5":6,"6":6,"7":6,"8":6,"9":5,"10":5,"11":5,"12":1,"13":6,"14":6,"15":6,"16":6,"17":6,"18":6,"19":6,"20":5,"21":5,"22":5,"23":5,"24":5,"25":5,"26":5,"27":5,"28":5,"29":5,"30":5,"31":5,"32":0,"33":6,"34":6,"35":5,"36":5,"37":5,"38":1,"39":5,"40":5,"41":5,"42":5,"43":5,"44":0,"45":1},"f":{"0":6,"1":6,"2":6,"3":6,"4":6,"5":6,"6":5,"7":6,"8":5,"9":5,"10":5},"b":{"0":[6,0],"1":[5,0],"2":[5,0],"3":[5,5],"4":[5,0],"5":[5,1],"6":[5,0]},"_coverageSchema":"1a1c01bbd47fc00a2c39e90264f33305004495a9","hash":"7d3e25a8659e14562d561625515f4a0d1ef1f2e7"}
}
