TN:
SF:index.js
FN:5,(anonymous_0)
FNF:1
FNH:1
FNDA:6,(anonymous_0)
DA:5,1
DA:6,6
DA:8,6
LF:3
LH:3
BRF:0
BRH:0
end_of_record
TN:
SF:lib\admin-approve.js
FN:3,handlePullRequestChange
FN:35,createCheckRun
FN:51,getReviewsWithState
FN:59,(anonymous_3)
FN:59,(anonymous_4)
FN:61,getApprovalState
FN:72,(anonymous_6)
FN:89,getTeam
FN:97,(anonymous_8)
FN:108,getAdmin
FN:117,(anonymous_10)
FNF:11
FNH:11
FNDA:6,handlePullRequestChange
FNDA:6,createCheckRun
FNDA:6,getReviewsWithState
FNDA:6,(anonymous_3)
FNDA:6,(anonymous_4)
FNDA:6,getApprovalState
FNDA:5,(anonymous_6)
FNDA:6,getTeam
FNDA:5,(anonymous_8)
FNDA:5,getAdmin
FNDA:5,(anonymous_10)
DA:5,6
DA:6,6
DA:7,6
DA:8,6
DA:9,6
DA:10,6
DA:12,6
DA:13,6
DA:14,6
DA:17,5
DA:19,5
DA:26,5
DA:29,1
DA:36,6
DA:48,6
DA:53,6
DA:59,6
DA:63,6
DA:64,5
DA:65,5
DA:66,5
DA:67,5
DA:72,5
DA:73,5
DA:76,5
DA:77,5
DA:78,5
DA:79,5
DA:83,5
DA:84,5
DA:86,0
DA:92,6
DA:96,6
DA:97,5
DA:98,5
DA:101,5
DA:103,1
DA:111,5
DA:116,5
DA:117,5
DA:118,5
DA:121,5
DA:123,0
DA:127,1
LF:44
LH:42
BRDA:13,0,0,6
BRDA:13,0,1,0
BRDA:17,1,0,5
BRDA:17,1,1,0
BRDA:78,2,0,5
BRDA:78,2,1,0
BRDA:78,3,0,5
BRDA:78,3,1,5
BRDA:83,4,0,5
BRDA:83,4,1,0
BRDA:96,5,0,5
BRDA:96,5,1,1
BRDA:116,6,0,5
BRDA:116,6,1,0
BRF:14
BRH:9
end_of_record
